<?xml version="1.0" encoding="UTF-8"?>
<testsuite name="fastmath.FunctionsTest" time="0.16" tests="14" errors="5" skipped="0" failures="0">
  <properties>
    <property name="java.runtime.name" value="Java(TM) SE Runtime Environment"/>
    <property name="sun.boot.library.path" value="/usr/lib/jvm/oracle-java8-jdk-amd64/jre/lib/amd64"/>
    <property name="java.vm.version" value="25.131-b11"/>
    <property name="java.vm.vendor" value="Oracle Corporation"/>
    <property name="maven.multiModuleProjectDirectory" value="/home/crow/fastmath"/>
    <property name="java.vendor.url" value="http://java.oracle.com/"/>
    <property name="path.separator" value=":"/>
    <property name="guice.disable.misplaced.annotation.check" value="true"/>
    <property name="java.vm.name" value="Java HotSpot(TM) 64-Bit Server VM"/>
    <property name="file.encoding.pkg" value="sun.io"/>
    <property name="user.country" value="US"/>
    <property name="sun.java.launcher" value="SUN_STANDARD"/>
    <property name="sun.os.patch.level" value="unknown"/>
    <property name="java.vm.specification.name" value="Java Virtual Machine Specification"/>
    <property name="user.dir" value="/home/crow/git/fastmath"/>
    <property name="java.runtime.version" value="1.8.0_131-b11"/>
    <property name="java.awt.graphicsenv" value="sun.awt.X11GraphicsEnvironment"/>
    <property name="java.endorsed.dirs" value="/usr/lib/jvm/oracle-java8-jdk-amd64/jre/lib/endorsed"/>
    <property name="os.arch" value="amd64"/>
    <property name="java.io.tmpdir" value="/tmp"/>
    <property name="line.separator" value="&#10;"/>
    <property name="java.vm.specification.vendor" value="Oracle Corporation"/>
    <property name="os.name" value="Linux"/>
    <property name="classworlds.conf" value="/usr/share/maven/bin/m2.conf"/>
    <property name="sun.jnu.encoding" value="UTF-8"/>
    <property name="java.library.path" value="/usr/java/packages/lib/amd64:/usr/lib64:/lib64:/lib:/usr/lib"/>
    <property name="java.specification.name" value="Java Platform API Specification"/>
    <property name="java.class.version" value="52.0"/>
    <property name="sun.management.compiler" value="HotSpot 64-Bit Tiered Compilers"/>
    <property name="os.version" value="4.10.0-26-generic"/>
    <property name="user.home" value="/home/crow"/>
    <property name="user.timezone" value="America/Chicago"/>
    <property name="java.awt.printerjob" value="sun.print.PSPrinterJob"/>
    <property name="file.encoding" value="UTF-8"/>
    <property name="java.specification.version" value="1.8"/>
    <property name="user.name" value="crow"/>
    <property name="java.class.path" value="/usr/share/maven/boot/plexus-classworlds-2.x.jar"/>
    <property name="java.vm.specification.version" value="1.8"/>
    <property name="sun.arch.data.model" value="64"/>
    <property name="java.home" value="/usr/lib/jvm/oracle-java8-jdk-amd64/jre"/>
    <property name="sun.java.command" value="org.codehaus.plexus.classworlds.launcher.Launcher install"/>
    <property name="java.specification.vendor" value="Oracle Corporation"/>
    <property name="user.language" value="en"/>
    <property name="awt.toolkit" value="sun.awt.X11.XToolkit"/>
    <property name="java.vm.info" value="mixed mode"/>
    <property name="java.version" value="1.8.0_131"/>
    <property name="java.ext.dirs" value="/usr/lib/jvm/oracle-java8-jdk-amd64/jre/lib/ext:/usr/java/packages/lib/ext"/>
    <property name="securerandom.source" value="file:/dev/./urandom"/>
    <property name="sun.boot.class.path" value="/usr/lib/jvm/oracle-java8-jdk-amd64/jre/lib/resources.jar:/usr/lib/jvm/oracle-java8-jdk-amd64/jre/lib/rt.jar:/usr/lib/jvm/oracle-java8-jdk-amd64/jre/lib/sunrsasign.jar:/usr/lib/jvm/oracle-java8-jdk-amd64/jre/lib/jsse.jar:/usr/lib/jvm/oracle-java8-jdk-amd64/jre/lib/jce.jar:/usr/lib/jvm/oracle-java8-jdk-amd64/jre/lib/charsets.jar:/usr/lib/jvm/oracle-java8-jdk-amd64/jre/lib/jfr.jar:/usr/lib/jvm/oracle-java8-jdk-amd64/jre/classes"/>
    <property name="java.vendor" value="Oracle Corporation"/>
    <property name="maven.home" value="/usr/share/maven"/>
    <property name="file.separator" value="/"/>
    <property name="java.vendor.url.bug" value="http://bugreport.sun.com/bugreport/"/>
    <property name="sun.cpu.endian" value="little"/>
    <property name="sun.io.unicode.encoding" value="UnicodeLittle"/>
    <property name="sun.desktop" value="gnome"/>
    <property name="sun.cpu.isalist" value=""/>
  </properties>
  <testcase name="testLambertW" classname="fastmath.FunctionsTest" time="0.049"/>
  <testcase name="testΨ" classname="fastmath.FunctionsTest" time="0.015"/>
  <testcase name="testZSteffensen" classname="fastmath.FunctionsTest" time="0.005">
    <error message="Error looking up function &apos;acb_dirichlet_hardy_z&apos;: /usr/lib/libflint-arb.so: undefined symbol: acb_dirichlet_hardy_z" type="java.lang.UnsatisfiedLinkError"><![CDATA[java.lang.UnsatisfiedLinkError: Error looking up function 'acb_dirichlet_hardy_z': /usr/lib/libflint-arb.so: undefined symbol: acb_dirichlet_hardy_z
	at com.sun.jna.Function.<init>(Function.java:212)
	at com.sun.jna.NativeLibrary.getFunction(NativeLibrary.java:541)
	at com.sun.jna.NativeLibrary.getFunction(NativeLibrary.java:518)
	at com.sun.jna.NativeLibrary.getFunction(NativeLibrary.java:504)
	at com.sun.jna.Library$Handler.invoke(Library.java:220)
	at com.sun.proxy.$Proxy3.acb_dirichlet_hardy_z(Unknown Source)
	at fastmath.arb.Complex.HardyZ(Complex.java:435)
	at fastmath.arb.Complex.ZSteffensen(Complex.java:724)
	at fastmath.FunctionsTest.testZSteffensen(FunctionsTest.java:109)
]]></error>
  </testcase>
  <testcase name="testRealGamma" classname="fastmath.FunctionsTest" time="0.003"/>
  <testcase name="testZd" classname="fastmath.FunctionsTest" time="0.011">
    <error message="Error looking up function &apos;acb_dirichlet_hardy_z_series&apos;: /usr/lib/libflint-arb.so: undefined symbol: acb_dirichlet_hardy_z_series" type="java.lang.UnsatisfiedLinkError"><![CDATA[java.lang.UnsatisfiedLinkError: Error looking up function 'acb_dirichlet_hardy_z_series': /usr/lib/libflint-arb.so: undefined symbol: acb_dirichlet_hardy_z_series
	at com.sun.jna.Function.<init>(Function.java:212)
	at com.sun.jna.NativeLibrary.getFunction(NativeLibrary.java:541)
	at com.sun.jna.NativeLibrary.getFunction(NativeLibrary.java:518)
	at com.sun.jna.NativeLibrary.getFunction(NativeLibrary.java:504)
	at com.sun.jna.Library$Handler.invoke(Library.java:220)
	at com.sun.proxy.$Proxy3.acb_dirichlet_hardy_z_series(Unknown Source)
	at fastmath.arb.Complex.HardyZDerivative(Complex.java:552)
	at fastmath.Functions.Zd(Functions.java:156)
	at fastmath.FunctionsTest.testZd(FunctionsTest.java:117)
]]></error>
  </testcase>
  <testcase name="testZ" classname="fastmath.FunctionsTest" time="0.003">
    <error message="Error looking up function &apos;acb_dirichlet_hardy_z&apos;: /usr/lib/libflint-arb.so: undefined symbol: acb_dirichlet_hardy_z" type="java.lang.UnsatisfiedLinkError"><![CDATA[java.lang.UnsatisfiedLinkError: Error looking up function 'acb_dirichlet_hardy_z': /usr/lib/libflint-arb.so: undefined symbol: acb_dirichlet_hardy_z
	at com.sun.jna.Function.<init>(Function.java:212)
	at com.sun.jna.NativeLibrary.getFunction(NativeLibrary.java:541)
	at com.sun.jna.NativeLibrary.getFunction(NativeLibrary.java:518)
	at com.sun.jna.NativeLibrary.getFunction(NativeLibrary.java:504)
	at com.sun.jna.Library$Handler.invoke(Library.java:220)
	at com.sun.proxy.$Proxy3.acb_dirichlet_hardy_z(Unknown Source)
	at fastmath.arb.Complex.HardyZ(Complex.java:435)
	at fastmath.Functions.Z(Functions.java:135)
	at fastmath.FunctionsTest.testZ(FunctionsTest.java:134)
]]></error>
  </testcase>
  <testcase name="testϑ" classname="fastmath.FunctionsTest" time="0.002">
    <error message="Error looking up function &apos;acb_dirichlet_hardy_theta&apos;: /usr/lib/libflint-arb.so: undefined symbol: acb_dirichlet_hardy_theta" type="java.lang.UnsatisfiedLinkError"><![CDATA[java.lang.UnsatisfiedLinkError: Error looking up function 'acb_dirichlet_hardy_theta': /usr/lib/libflint-arb.so: undefined symbol: acb_dirichlet_hardy_theta
	at com.sun.jna.Function.<init>(Function.java:212)
	at com.sun.jna.NativeLibrary.getFunction(NativeLibrary.java:541)
	at com.sun.jna.NativeLibrary.getFunction(NativeLibrary.java:518)
	at com.sun.jna.NativeLibrary.getFunction(NativeLibrary.java:504)
	at com.sun.jna.Library$Handler.invoke(Library.java:220)
	at com.sun.proxy.$Proxy3.acb_dirichlet_hardy_theta(Unknown Source)
	at fastmath.arb.Complex.vartheta(Complex.java:428)
	at fastmath.Functions.ϑ(Functions.java:226)
	at fastmath.FunctionsTest.testϑ(FunctionsTest.java:176)
]]></error>
  </testcase>
  <testcase name="testZNewton" classname="fastmath.FunctionsTest" time="0.002">
    <error message="Error looking up function &apos;acb_dirichlet_hardy_z_series&apos;: /usr/lib/libflint-arb.so: undefined symbol: acb_dirichlet_hardy_z_series" type="java.lang.UnsatisfiedLinkError"><![CDATA[java.lang.UnsatisfiedLinkError: Error looking up function 'acb_dirichlet_hardy_z_series': /usr/lib/libflint-arb.so: undefined symbol: acb_dirichlet_hardy_z_series
	at com.sun.jna.Function.<init>(Function.java:212)
	at com.sun.jna.NativeLibrary.getFunction(NativeLibrary.java:541)
	at com.sun.jna.NativeLibrary.getFunction(NativeLibrary.java:518)
	at com.sun.jna.NativeLibrary.getFunction(NativeLibrary.java:504)
	at com.sun.jna.Library$Handler.invoke(Library.java:220)
	at com.sun.proxy.$Proxy3.acb_dirichlet_hardy_z_series(Unknown Source)
	at fastmath.arb.Complex.HardyZNewton(Complex.java:616)
	at fastmath.Functions.ZNewton(Functions.java:172)
	at fastmath.FunctionsTest.testZNewton(FunctionsTest.java:222)
]]></error>
  </testcase>
  <testcase name="testζ" classname="fastmath.FunctionsTest" time="0.014"/>
  <testcase name="testMaxExp" classname="fastmath.FunctionsTest" time="0"/>
  <testcase name="testOuterProduct" classname="fastmath.FunctionsTest" time="0.025"/>
  <testcase name="testUniformRandom" classname="fastmath.FunctionsTest" time="0.003"/>
  <testcase name="testComplexLnΓ" classname="fastmath.FunctionsTest" time="0.02"/>
  <testcase name="testComplexΓ" classname="fastmath.FunctionsTest" time="0.008"/>
</testsuite>